2020-03-26 14:04:28,617 [Worker-15] INFO  o.e.m.c.i.l.LifecycleMappingFactory - Using org.eclipse.m2e.jdt.JarLifecycleMapping lifecycle mapping for MavenProject: JavaBassics:JavaBassics:0.0.1-SNAPSHOT @ E:\VTI_Rocket02\JavaBasics\pom.xml.
2020-03-26 14:04:28,747 [Worker-3] INFO  o.e.m.c.i.l.LifecycleMappingFactory - Using org.eclipse.m2e.jdt.JarLifecycleMapping lifecycle mapping for MavenProject: JavaBassics:JavaBassics:0.0.1-SNAPSHOT @ E:\VTI_Rocket02\JavaBasics\pom.xml.
2020-03-26 14:04:31,597 [Worker-3] WARN  o.e.m.c.i.embedder.EclipseLogger - Using platform encoding (Cp1252 actually) to copy filtered resources, i.e. build is platform dependent!
2020-03-26 14:04:31,615 [Worker-3] INFO  o.e.m.c.i.embedder.EclipseLogger - skip non existing resourceDirectory E:\VTI_Rocket02\JavaBasics\src\main\resources
2020-03-26 14:04:31,618 [Worker-3] WARN  o.e.m.c.i.embedder.EclipseLogger - Using platform encoding (Cp1252 actually) to copy filtered resources, i.e. build is platform dependent!
2020-03-26 14:04:31,619 [Worker-3] INFO  o.e.m.c.i.embedder.EclipseLogger - skip non existing resourceDirectory E:\VTI_Rocket02\JavaBasics\src\test\resources
2020-03-26 14:04:32,824 [Worker-6] INFO  o.e.m.c.i.l.LifecycleMappingFactory - Using org.eclipse.m2e.jdt.JarLifecycleMapping lifecycle mapping for MavenProject: JavaBassics:JavaBassics:0.0.1-SNAPSHOT @ E:\VTI_Rocket02\JavaBasics\pom.xml.
2020-03-26 14:04:35,669 [Worker-3] WARN  o.e.m.c.i.embedder.EclipseLogger - Using platform encoding (Cp1252 actually) to copy filtered resources, i.e. build is platform dependent!
2020-03-26 14:04:35,670 [Worker-3] INFO  o.e.m.c.i.embedder.EclipseLogger - skip non existing resourceDirectory E:\VTI_Rocket02\JavaBasics\src\main\resources
2020-03-26 14:04:35,672 [Worker-3] WARN  o.e.m.c.i.embedder.EclipseLogger - Using platform encoding (Cp1252 actually) to copy filtered resources, i.e. build is platform dependent!
2020-03-26 14:04:35,673 [Worker-3] INFO  o.e.m.c.i.embedder.EclipseLogger - skip non existing resourceDirectory E:\VTI_Rocket02\JavaBasics\src\test\resources
2020-03-26 14:08:05,563 [Worker-11] WARN  o.e.m.c.i.embedder.EclipseLogger - Using platform encoding (Cp1252 actually) to copy filtered resources, i.e. build is platform dependent!
2020-03-26 14:08:05,565 [Worker-11] INFO  o.e.m.c.i.embedder.EclipseLogger - skip non existing resourceDirectory E:\VTI_Rocket02\JavaBasics\src\main\resources
2020-03-26 14:08:05,570 [Worker-11] WARN  o.e.m.c.i.embedder.EclipseLogger - Using platform encoding (Cp1252 actually) to copy filtered resources, i.e. build is platform dependent!
2020-03-26 14:08:05,571 [Worker-11] INFO  o.e.m.c.i.embedder.EclipseLogger - skip non existing resourceDirectory E:\VTI_Rocket02\JavaBasics\src\test\resources
2020-03-26 14:08:06,662 [Worker-8] WARN  o.e.m.c.i.embedder.EclipseLogger - Using platform encoding (Cp1252 actually) to copy filtered resources, i.e. build is platform dependent!
2020-03-26 14:08:06,663 [Worker-8] INFO  o.e.m.c.i.embedder.EclipseLogger - skip non existing resourceDirectory E:\VTI_Rocket02\JavaBasics\src\main\resources
2020-03-26 14:08:06,665 [Worker-8] WARN  o.e.m.c.i.embedder.EclipseLogger - Using platform encoding (Cp1252 actually) to copy filtered resources, i.e. build is platform dependent!
2020-03-26 14:08:06,666 [Worker-8] INFO  o.e.m.c.i.embedder.EclipseLogger - skip non existing resourceDirectory E:\VTI_Rocket02\JavaBasics\src\test\resources
2020-03-26 15:50:04,496 [Worker-29] WARN  o.e.r.models.ModelRepository - Failed to download org.eclipse.recommenders:index::zip:0.0.0
org.eclipse.aether.resolution.ArtifactResolutionException: Could not find artifact org.eclipse.recommenders:index:zip:0.0.0-SNAPSHOT in models (http://download.eclipse.org/recommenders/models/mars/)
	at org.eclipse.aether.internal.impl.DefaultArtifactResolver.resolve(DefaultArtifactResolver.java:444) ~[na:na]
	at org.eclipse.aether.internal.impl.DefaultArtifactResolver.resolveArtifacts(DefaultArtifactResolver.java:246) ~[na:na]
	at org.eclipse.aether.internal.impl.DefaultArtifactResolver.resolveArtifact(DefaultArtifactResolver.java:223) ~[na:na]
	at org.eclipse.aether.internal.impl.DefaultRepositorySystem.resolveArtifact(DefaultRepositorySystem.java:294) ~[na:na]
	at org.eclipse.recommenders.models.ModelRepository.resolveInternal(ModelRepository.java:192) [org.eclipse.recommenders.models_2.3.0.v20160216-1255.jar:na]
	at org.eclipse.recommenders.models.ModelRepository.resolve(ModelRepository.java:174) [org.eclipse.recommenders.models_2.3.0.v20160216-1255.jar:na]
	at org.eclipse.recommenders.internal.models.rcp.EclipseModelRepository.resolve(EclipseModelRepository.java:165) [org.eclipse.recommenders.models.rcp_2.3.0.v20160216-1255.jar:na]
	at org.eclipse.recommenders.internal.models.rcp.DownloadModelArchiveJob.run(DownloadModelArchiveJob.java:76) [org.eclipse.recommenders.models.rcp_2.3.0.v20160216-1255.jar:na]
	at org.eclipse.core.internal.jobs.Worker.run(Worker.java:55) [org.eclipse.core.jobs_3.7.0.v20150330-2103.jar:na]
Caused by: org.eclipse.aether.transfer.ArtifactNotFoundException: Could not find artifact org.eclipse.recommenders:index:zip:0.0.0-SNAPSHOT in models (http://download.eclipse.org/recommenders/models/mars/)
	at org.eclipse.aether.connector.basic.ArtifactTransportListener.transferFailed(ArtifactTransportListener.java:39) ~[org.eclipse.aether.connector.basic_1.0.1.v20141111.jar:na]
	at org.eclipse.aether.connector.basic.BasicRepositoryConnector$TaskRunner.run(BasicRepositoryConnector.java:355) ~[org.eclipse.aether.connector.basic_1.0.1.v20141111.jar:na]
	at org.eclipse.aether.util.concurrency.RunnableErrorForwarder$1.run(RunnableErrorForwarder.java:67) ~[na:na]
	at org.eclipse.aether.connector.basic.BasicRepositoryConnector$DirectExecutor.execute(BasicRepositoryConnector.java:581) ~[org.eclipse.aether.connector.basic_1.0.1.v20141111.jar:na]
	at org.eclipse.aether.connector.basic.BasicRepositoryConnector.get(BasicRepositoryConnector.java:249) ~[org.eclipse.aether.connector.basic_1.0.1.v20141111.jar:na]
	at org.eclipse.aether.internal.impl.DefaultArtifactResolver.performDownloads(DefaultArtifactResolver.java:520) ~[na:na]
	at org.eclipse.aether.internal.impl.DefaultArtifactResolver.resolve(DefaultArtifactResolver.java:421) ~[na:na]
	... 8 common frames omitted
2020-03-26 15:50:23,418 [Worker-24] WARN  o.e.m.c.i.embedder.EclipseLogger - Using platform encoding (Cp1252 actually) to copy filtered resources, i.e. build is platform dependent!
2020-03-26 15:50:23,419 [Worker-24] INFO  o.e.m.c.i.embedder.EclipseLogger - skip non existing resourceDirectory E:\VTI_Rocket02\JavaBasics\src\main\resources
2020-03-26 15:50:23,421 [Worker-24] WARN  o.e.m.c.i.embedder.EclipseLogger - Using platform encoding (Cp1252 actually) to copy filtered resources, i.e. build is platform dependent!
2020-03-26 15:50:23,422 [Worker-24] INFO  o.e.m.c.i.embedder.EclipseLogger - skip non existing resourceDirectory E:\VTI_Rocket02\JavaBasics\src\test\resources
2020-03-26 15:52:17,719 [Worker-31] WARN  o.e.m.c.i.embedder.EclipseLogger - Using platform encoding (Cp1252 actually) to copy filtered resources, i.e. build is platform dependent!
2020-03-26 15:52:17,720 [Worker-31] INFO  o.e.m.c.i.embedder.EclipseLogger - skip non existing resourceDirectory E:\VTI_Rocket02\JavaBasics\src\main\resources
2020-03-26 15:52:17,724 [Worker-31] WARN  o.e.m.c.i.embedder.EclipseLogger - Using platform encoding (Cp1252 actually) to copy filtered resources, i.e. build is platform dependent!
2020-03-26 15:52:17,774 [Worker-31] INFO  o.e.m.c.i.embedder.EclipseLogger - skip non existing resourceDirectory E:\VTI_Rocket02\JavaBasics\src\test\resources
2020-03-26 15:53:04,169 [Worker-32] WARN  o.e.m.c.i.embedder.EclipseLogger - Using platform encoding (Cp1252 actually) to copy filtered resources, i.e. build is platform dependent!
2020-03-26 15:53:04,172 [Worker-32] INFO  o.e.m.c.i.embedder.EclipseLogger - skip non existing resourceDirectory E:\VTI_Rocket02\JavaBasics\src\main\resources
2020-03-26 15:53:04,174 [Worker-32] WARN  o.e.m.c.i.embedder.EclipseLogger - Using platform encoding (Cp1252 actually) to copy filtered resources, i.e. build is platform dependent!
2020-03-26 15:53:04,175 [Worker-32] INFO  o.e.m.c.i.embedder.EclipseLogger - skip non existing resourceDirectory E:\VTI_Rocket02\JavaBasics\src\test\resources
2020-03-26 15:53:40,698 [Worker-34] WARN  o.e.m.c.i.embedder.EclipseLogger - Using platform encoding (Cp1252 actually) to copy filtered resources, i.e. build is platform dependent!
2020-03-26 15:53:40,699 [Worker-34] INFO  o.e.m.c.i.embedder.EclipseLogger - skip non existing resourceDirectory E:\VTI_Rocket02\JavaBasics\src\main\resources
2020-03-26 15:53:40,700 [Worker-34] WARN  o.e.m.c.i.embedder.EclipseLogger - Using platform encoding (Cp1252 actually) to copy filtered resources, i.e. build is platform dependent!
2020-03-26 15:53:40,701 [Worker-34] INFO  o.e.m.c.i.embedder.EclipseLogger - skip non existing resourceDirectory E:\VTI_Rocket02\JavaBasics\src\test\resources
2020-03-26 16:02:50,108 [Worker-36] WARN  o.e.m.c.i.embedder.EclipseLogger - Using platform encoding (Cp1252 actually) to copy filtered resources, i.e. build is platform dependent!
2020-03-26 16:02:50,109 [Worker-36] INFO  o.e.m.c.i.embedder.EclipseLogger - skip non existing resourceDirectory E:\VTI_Rocket02\JavaBasics\src\main\resources
2020-03-26 16:02:50,112 [Worker-36] WARN  o.e.m.c.i.embedder.EclipseLogger - Using platform encoding (Cp1252 actually) to copy filtered resources, i.e. build is platform dependent!
2020-03-26 16:02:50,113 [Worker-36] INFO  o.e.m.c.i.embedder.EclipseLogger - skip non existing resourceDirectory E:\VTI_Rocket02\JavaBasics\src\test\resources
2020-03-26 16:05:05,612 [Worker-36] WARN  o.e.m.c.i.embedder.EclipseLogger - Using platform encoding (Cp1252 actually) to copy filtered resources, i.e. build is platform dependent!
2020-03-26 16:05:05,613 [Worker-36] INFO  o.e.m.c.i.embedder.EclipseLogger - skip non existing resourceDirectory E:\VTI_Rocket02\JavaBasics\src\main\resources
2020-03-26 16:05:05,614 [Worker-36] WARN  o.e.m.c.i.embedder.EclipseLogger - Using platform encoding (Cp1252 actually) to copy filtered resources, i.e. build is platform dependent!
2020-03-26 16:05:05,615 [Worker-36] INFO  o.e.m.c.i.embedder.EclipseLogger - skip non existing resourceDirectory E:\VTI_Rocket02\JavaBasics\src\test\resources
2020-03-26 16:15:35,062 [Worker-38] WARN  o.e.m.c.i.embedder.EclipseLogger - Using platform encoding (Cp1252 actually) to copy filtered resources, i.e. build is platform dependent!
2020-03-26 16:15:35,076 [Worker-38] INFO  o.e.m.c.i.embedder.EclipseLogger - skip non existing resourceDirectory E:\VTI_Rocket02\JavaBasics\src\main\resources
2020-03-26 16:15:35,077 [Worker-38] WARN  o.e.m.c.i.embedder.EclipseLogger - Using platform encoding (Cp1252 actually) to copy filtered resources, i.e. build is platform dependent!
2020-03-26 16:15:35,078 [Worker-38] INFO  o.e.m.c.i.embedder.EclipseLogger - skip non existing resourceDirectory E:\VTI_Rocket02\JavaBasics\src\test\resources
2020-03-26 16:19:41,704 [Worker-42] WARN  o.e.m.c.i.embedder.EclipseLogger - Using platform encoding (Cp1252 actually) to copy filtered resources, i.e. build is platform dependent!
2020-03-26 16:19:41,705 [Worker-42] INFO  o.e.m.c.i.embedder.EclipseLogger - skip non existing resourceDirectory E:\VTI_Rocket02\JavaBasics\src\main\resources
2020-03-26 16:19:41,709 [Worker-42] WARN  o.e.m.c.i.embedder.EclipseLogger - Using platform encoding (Cp1252 actually) to copy filtered resources, i.e. build is platform dependent!
2020-03-26 16:19:41,709 [Worker-42] INFO  o.e.m.c.i.embedder.EclipseLogger - skip non existing resourceDirectory E:\VTI_Rocket02\JavaBasics\src\test\resources
2020-03-26 16:22:45,232 [Worker-47] WARN  o.e.m.c.i.embedder.EclipseLogger - Using platform encoding (Cp1252 actually) to copy filtered resources, i.e. build is platform dependent!
2020-03-26 16:22:45,233 [Worker-47] INFO  o.e.m.c.i.embedder.EclipseLogger - skip non existing resourceDirectory E:\VTI_Rocket02\JavaBasics\src\main\resources
2020-03-26 16:22:45,234 [Worker-47] WARN  o.e.m.c.i.embedder.EclipseLogger - Using platform encoding (Cp1252 actually) to copy filtered resources, i.e. build is platform dependent!
2020-03-26 16:22:45,234 [Worker-47] INFO  o.e.m.c.i.embedder.EclipseLogger - skip non existing resourceDirectory E:\VTI_Rocket02\JavaBasics\src\test\resources
2020-03-26 16:29:28,844 [Worker-51] WARN  o.e.m.c.i.embedder.EclipseLogger - Using platform encoding (Cp1252 actually) to copy filtered resources, i.e. build is platform dependent!
2020-03-26 16:29:28,845 [Worker-51] INFO  o.e.m.c.i.embedder.EclipseLogger - skip non existing resourceDirectory E:\VTI_Rocket02\JavaBasics\src\main\resources
2020-03-26 16:29:28,847 [Worker-51] WARN  o.e.m.c.i.embedder.EclipseLogger - Using platform encoding (Cp1252 actually) to copy filtered resources, i.e. build is platform dependent!
2020-03-26 16:29:28,847 [Worker-51] INFO  o.e.m.c.i.embedder.EclipseLogger - skip non existing resourceDirectory E:\VTI_Rocket02\JavaBasics\src\test\resources
2020-03-26 17:10:10,630 [Worker-56] WARN  o.e.m.c.i.embedder.EclipseLogger - Using platform encoding (Cp1252 actually) to copy filtered resources, i.e. build is platform dependent!
2020-03-26 17:10:10,652 [Worker-56] INFO  o.e.m.c.i.embedder.EclipseLogger - skip non existing resourceDirectory E:\VTI_Rocket02\JavaBasics\src\main\resources
2020-03-26 17:10:10,654 [Worker-56] WARN  o.e.m.c.i.embedder.EclipseLogger - Using platform encoding (Cp1252 actually) to copy filtered resources, i.e. build is platform dependent!
2020-03-26 17:10:10,655 [Worker-56] INFO  o.e.m.c.i.embedder.EclipseLogger - skip non existing resourceDirectory E:\VTI_Rocket02\JavaBasics\src\test\resources
2020-03-26 17:35:22,182 [Worker-64] WARN  o.e.m.c.i.embedder.EclipseLogger - Using platform encoding (Cp1252 actually) to copy filtered resources, i.e. build is platform dependent!
2020-03-26 17:35:22,183 [Worker-64] INFO  o.e.m.c.i.embedder.EclipseLogger - skip non existing resourceDirectory E:\VTI_Rocket02\JavaBasics\src\main\resources
2020-03-26 17:35:22,184 [Worker-64] WARN  o.e.m.c.i.embedder.EclipseLogger - Using platform encoding (Cp1252 actually) to copy filtered resources, i.e. build is platform dependent!
2020-03-26 17:35:22,188 [Worker-64] INFO  o.e.m.c.i.embedder.EclipseLogger - skip non existing resourceDirectory E:\VTI_Rocket02\JavaBasics\src\test\resources
2020-03-26 17:37:58,338 [Worker-50] WARN  o.e.m.c.i.embedder.EclipseLogger - Using platform encoding (Cp1252 actually) to copy filtered resources, i.e. build is platform dependent!
2020-03-26 17:37:58,339 [Worker-50] INFO  o.e.m.c.i.embedder.EclipseLogger - skip non existing resourceDirectory E:\VTI_Rocket02\JavaBasics\src\main\resources
2020-03-26 17:37:58,341 [Worker-50] WARN  o.e.m.c.i.embedder.EclipseLogger - Using platform encoding (Cp1252 actually) to copy filtered resources, i.e. build is platform dependent!
2020-03-26 17:37:58,342 [Worker-50] INFO  o.e.m.c.i.embedder.EclipseLogger - skip non existing resourceDirectory E:\VTI_Rocket02\JavaBasics\src\test\resources
2020-03-26 17:37:59,362 [Worker-63] WARN  o.e.m.c.i.embedder.EclipseLogger - Using platform encoding (Cp1252 actually) to copy filtered resources, i.e. build is platform dependent!
2020-03-26 17:37:59,362 [Worker-63] INFO  o.e.m.c.i.embedder.EclipseLogger - skip non existing resourceDirectory E:\VTI_Rocket02\JavaBasics\src\main\resources
2020-03-26 17:37:59,365 [Worker-63] WARN  o.e.m.c.i.embedder.EclipseLogger - Using platform encoding (Cp1252 actually) to copy filtered resources, i.e. build is platform dependent!
2020-03-26 17:37:59,365 [Worker-63] INFO  o.e.m.c.i.embedder.EclipseLogger - skip non existing resourceDirectory E:\VTI_Rocket02\JavaBasics\src\test\resources
